2024-06-13 21:29:43,250 - Running Predictor
2024-06-13 21:29:43,322 - Completed perform_calculations
2024-06-13 21:29:43,479 - Simulated group stage matches
2024-06-13 21:29:43,480 - Completed simulate_group_stage
2024-06-13 21:29:43,502 - Standings:
   group         team  points  gp  w  d  l  gf  ga  gd    qualified
0      A      GERMANY       7   3  2  1  0   5   1   4    qualified
2      A      HUNGARY       5   3  1  2  0   3   1   2    qualified
3      A  SWITZERLAND       2   3  0  2  1   1   3  -2  unqualified
1      A     SCOTLAND       1   3  0  1  2   1   5  -4  unqualified
4      B        SPAIN       7   3  2  1  0   4   2   2    qualified
5      B      CROATIA       4   3  1  1  1   2   1   1    qualified
7      B      ALBANIA       3   3  0  3  0   0   0   0  unqualified
6      B        ITALY       1   3  0  1  2   2   5  -3  unqualified
12     C     SLOVENIA       5   3  1  2  0   1   0   1    qualified
13     C      DENMARK       4   3  1  1  1   3   1   2    qualified
15     C       SERBIA       4   3  1  1  1   1   1   0   best-third
14     C      ENGLAND       3   3  1  0  2   1   4  -3  unqualified
10     D      AUSTRIA       9   3  3  0  0   3   0   3    qualified
8      D       POLAND       4   3  1  1  1   1   1   0    qualified
11     D       FRANCE       4   3  1  1  1   1   1   0   best-third
9      D  NETHERLANDS       0   3  0  0  3   0   3  -3  unqualified
18     E      BELGIUM       6   3  2  0  1   4   2   2    qualified
16     E      ROMANIA       4   3  1  1  1   2   3  -1    qualified
19     E     SLOVAKIA       4   3  1  1  1   2   3  -1   best-third
17     E      UKRAINE       3   3  1  0  2   2   2   0  unqualified
22     F     PORTUGAL       9   3  3  0  0   4   1   3    qualified
20     F      GEORGIA       6   3  2  0  1   4   3   1    qualified
23     F      CZECHIA       3   3  1  0  2   2   2   0   best-third
21     F       TURKEY       0   3  0  0  3   1   5  -4  unqualified
2024-06-13 21:29:43,515 - Knockout_schedule:
              stage        date   time  ... team2_score team1_pso_score team2_pso_score
0     Round of 16 1  29/06/2024  18:00  ...         NaN             NaN             NaN
1     Round of 16 2  29/06/2024  21:00  ...         NaN             NaN             NaN
2     Round of 16 3  30/06/2024  18:00  ...         NaN             NaN             NaN
3     Round of 16 4  30/06/2024  21:00  ...         NaN             NaN             NaN
4     Round of 16 5  01/07/2024  18:00  ...         NaN             NaN             NaN
5     Round of 16 6  01/07/2024  21:00  ...         NaN             NaN             NaN
6     Round of 16 7  02/07/2024  18:00  ...         NaN             NaN             NaN
7     Round of 16 8  02/07/2024  21:00  ...         NaN             NaN             NaN
8   Quarter-final 1  05/07/2024  18:00  ...         NaN             NaN             NaN
9   Quarter-final 2  05/07/2024  21:00  ...         NaN             NaN             NaN
10  Quarter-final 3  06/07/2024  18:00  ...         NaN             NaN             NaN
11  Quarter-final 4  06/07/2024  21:00  ...         NaN             NaN             NaN
12     Semi-final 1  09/07/2024  21:00  ...         NaN             NaN             NaN
13     Semi-final 2  10/07/2024  21:00  ...         NaN             NaN             NaN
14            Final  14/07/2024  21:00  ...         NaN             NaN             NaN

[15 rows x 10 columns]
2024-06-13 21:29:43,549 - Actual Teams After Mapping:
{'1A': 'GERMANY', '2A': 'HUNGARY', '1B': 'SPAIN', '2B': 'CROATIA', '1C': 'SLOVENIA', '2C': 'DENMARK', '1D': 'AUSTRIA', '2D': 'POLAND', '1E': 'BELGIUM', '2E': 'ROMANIA', '1F': 'PORTUGAL', '2F': 'GEORGIA', '3A': 'SERBIA', '3B': 'FRANCE', '3C': 'SLOVAKIA', '3D': 'CZECHIA'}
2024-06-13 21:29:43,552 - Fixtures for Round of 16:
[{'team1': 'GERMANY', 'team2': 'DENMARK', 'stage': 'Round of 16 1', 'date': '29/06/2024', 'time': '18:00', 'venue': 'Munich'}, {'team1': 'HUNGARY', 'team2': 'CROATIA', 'stage': 'Round of 16 2', 'date': '29/06/2024', 'time': '21:00', 'venue': 'Berlin'}, {'team1': 'SPAIN', 'team2': 'SERBIA', 'stage': 'Round of 16 3', 'date': '30/06/2024', 'time': '18:00', 'venue': 'Stuttgart'}, {'team1': 'SLOVENIA', 'team2': 'CZECHIA', 'stage': 'Round of 16 4', 'date': '30/06/2024', 'time': '21:00', 'venue': 'Leipzig'}, {'team1': 'BELGIUM', 'team2': 'SERBIA', 'stage': 'Round of 16 5', 'date': '01/07/2024', 'time': '18:00', 'venue': 'Dortmund'}, {'team1': 'PORTUGAL', 'team2': 'POLAND', 'stage': 'Round of 16 6', 'date': '01/07/2024', 'time': '21:00', 'venue': 'Cologne'}, {'team1': 'DENMARK', 'team2': 'GEORGIA', 'stage': 'Round of 16 7', 'date': '02/07/2024', 'time': '18:00', 'venue': 'Frankfurt'}, {'team1': 'AUSTRIA', 'team2': 'FRANCE', 'stage': 'Round of 16 8', 'date': '02/07/2024', 'time': '21:00', 'venue': 'Hamburg'}, {'team1': 'Winner RO16 1', 'team2': 'Winner RO16 2', 'stage': 'Quarter-final 1', 'date': '05/07/2024', 'time': '18:00', 'venue': 'Munich'}, {'team1': 'Winner RO16 3', 'team2': 'Winner RO16 4', 'stage': 'Quarter-final 2', 'date': '05/07/2024', 'time': '21:00', 'venue': 'Berlin'}, {'team1': 'Winner RO16 5', 'team2': 'Winner RO16 6', 'stage': 'Quarter-final 3', 'date': '06/07/2024', 'time': '18:00', 'venue': 'Dortmund'}, {'team1': 'Winner RO16 7', 'team2': 'Winner RO16 8', 'stage': 'Quarter-final 4', 'date': '06/07/2024', 'time': '21:00', 'venue': 'Stuttgart'}, {'team1': 'Winner QF1', 'team2': 'Winner QF2', 'stage': 'Semi-final 1', 'date': '09/07/2024', 'time': '21:00', 'venue': 'Munich'}, {'team1': 'Winner QF3', 'team2': 'Winner QF4', 'stage': 'Semi-final 2', 'date': '10/07/2024', 'time': '21:00', 'venue': 'Berlin'}, {'team1': 'Winner SF1', 'team2': 'Winner SF2', 'stage': 'Final', 'date': '14/07/2024', 'time': '21:00', 'venue': 'Berlin'}]
2024-06-13 21:29:43,555 - Round of 16 Fixtures:
[{'team1': 'GERMANY', 'team2': 'DENMARK', 'stage': 'Round of 16 1', 'date': '29/06/2024', 'time': '18:00', 'venue': 'Munich'}, {'team1': 'HUNGARY', 'team2': 'CROATIA', 'stage': 'Round of 16 2', 'date': '29/06/2024', 'time': '21:00', 'venue': 'Berlin'}, {'team1': 'SPAIN', 'team2': 'SERBIA', 'stage': 'Round of 16 3', 'date': '30/06/2024', 'time': '18:00', 'venue': 'Stuttgart'}, {'team1': 'SLOVENIA', 'team2': 'CZECHIA', 'stage': 'Round of 16 4', 'date': '30/06/2024', 'time': '21:00', 'venue': 'Leipzig'}, {'team1': 'BELGIUM', 'team2': 'SERBIA', 'stage': 'Round of 16 5', 'date': '01/07/2024', 'time': '18:00', 'venue': 'Dortmund'}, {'team1': 'PORTUGAL', 'team2': 'POLAND', 'stage': 'Round of 16 6', 'date': '01/07/2024', 'time': '21:00', 'venue': 'Cologne'}, {'team1': 'DENMARK', 'team2': 'GEORGIA', 'stage': 'Round of 16 7', 'date': '02/07/2024', 'time': '18:00', 'venue': 'Frankfurt'}, {'team1': 'AUSTRIA', 'team2': 'FRANCE', 'stage': 'Round of 16 8', 'date': '02/07/2024', 'time': '21:00', 'venue': 'Hamburg'}, {'team1': 'Winner RO16 1', 'team2': 'Winner RO16 2', 'stage': 'Quarter-final 1', 'date': '05/07/2024', 'time': '18:00', 'venue': 'Munich'}, {'team1': 'Winner RO16 3', 'team2': 'Winner RO16 4', 'stage': 'Quarter-final 2', 'date': '05/07/2024', 'time': '21:00', 'venue': 'Berlin'}, {'team1': 'Winner RO16 5', 'team2': 'Winner RO16 6', 'stage': 'Quarter-final 3', 'date': '06/07/2024', 'time': '18:00', 'venue': 'Dortmund'}, {'team1': 'Winner RO16 7', 'team2': 'Winner RO16 8', 'stage': 'Quarter-final 4', 'date': '06/07/2024', 'time': '21:00', 'venue': 'Stuttgart'}, {'team1': 'Winner QF1', 'team2': 'Winner QF2', 'stage': 'Semi-final 1', 'date': '09/07/2024', 'time': '21:00', 'venue': 'Munich'}, {'team1': 'Winner QF3', 'team2': 'Winner QF4', 'stage': 'Semi-final 2', 'date': '10/07/2024', 'time': '21:00', 'venue': 'Berlin'}, {'team1': 'Winner SF1', 'team2': 'Winner SF2', 'stage': 'Final', 'date': '14/07/2024', 'time': '21:00', 'venue': 'Berlin'}]
2024-06-13 21:29:43,700 - Simulated Round of 16
2024-06-13 21:29:43,705 - Simulated Quarter-finals
2024-06-13 21:29:43,710 - Simulated Semi-finals
2024-06-13 21:29:43,714 - Simulated Final
2024-06-13 21:29:43,716 - All knockout stage results saved to data/results/knockout_stage_results.csv
2024-06-13 21:29:43,717 - Completed knockout_stage
2024-06-13 21:32:01,993 - Running Predictor
2024-06-13 21:32:02,066 - Completed perform_calculations
2024-06-13 21:32:02,265 - Simulated group stage matches
2024-06-13 21:32:02,265 - Completed simulate_group_stage
2024-06-13 21:32:02,281 - Standings:
   group         team  points  gp  w  d  l  gf  ga  gd    qualified
3      A  SWITZERLAND       7   3  2  1  0   2   0   2    qualified
0      A      GERMANY       4   3  1  1  1   3   1   2    qualified
1      A     SCOTLAND       3   3  1  0  2   1   4  -3  unqualified
2      A      HUNGARY       2   3  0  2  1   0   1  -1  unqualified
4      B        SPAIN       7   3  2  1  0   3   0   3    qualified
5      B      CROATIA       5   3  1  2  0   3   1   2    qualified
6      B        ITALY       3   3  1  0  2   2   4  -2   best-third
7      B      ALBANIA       1   3  0  1  2   0   3  -3  unqualified
12     C     SLOVENIA       5   3  1  2  0   3   1   2    qualified
13     C      DENMARK       5   3  1  2  0   4   3   1    qualified
14     C       SERBIA       3   3  1  0  2   3   5  -2   best-third
15     C      ENGLAND       2   3  0  2  1   4   5  -1  unqualified
10     D      AUSTRIA       5   3  1  2  0   2   0   2    qualified
11     D       FRANCE       5   3  1  2  0   1   0   1    qualified
8      D  NETHERLANDS       4   3  1  1  1   1   1   0   best-third
9      D       POLAND       1   3  0  1  2   0   3  -3  unqualified
18     E      BELGIUM       7   3  2  1  0   2   0   2    qualified
16     E      UKRAINE       5   3  1  2  0   1   0   1    qualified
17     E      ROMANIA       3   3  1  0  2   3   2   1   best-third
19     E     SLOVAKIA       1   3  0  1  2   0   4  -4  unqualified
23     F      CZECHIA       7   3  2  1  0   3   0   3    qualified
22     F     PORTUGAL       3   3  0  3  0   0   0   0    qualified
21     F      GEORGIA       2   3  0  2  1   0   1  -1  unqualified
20     F       TURKEY       2   3  0  2  1   0   2  -2  unqualified
2024-06-13 21:32:02,316 - Round of 16 Fixtures:
[{'team1': 'SWITZERLAND', 'team2': 'DENMARK', 'stage': 'Round of 16 1', 'date': '29/06/2024', 'time': '18:00', 'venue': 'Munich'}, {'team1': 'GERMANY', 'team2': 'CROATIA', 'stage': 'Round of 16 2', 'date': '29/06/2024', 'time': '21:00', 'venue': 'Berlin'}, {'team1': 'SPAIN', 'team2': 'NETHERLANDS', 'stage': 'Round of 16 3', 'date': '30/06/2024', 'time': '18:00', 'venue': 'Stuttgart'}, {'team1': 'SLOVENIA', 'team2': 'ITALY', 'stage': 'Round of 16 4', 'date': '30/06/2024', 'time': '21:00', 'venue': 'Leipzig'}, {'team1': 'BELGIUM', 'team2': 'NETHERLANDS', 'stage': 'Round of 16 5', 'date': '01/07/2024', 'time': '18:00', 'venue': 'Dortmund'}, {'team1': 'CZECHIA', 'team2': 'FRANCE', 'stage': 'Round of 16 6', 'date': '01/07/2024', 'time': '21:00', 'venue': 'Cologne'}, {'team1': 'DENMARK', 'team2': 'PORTUGAL', 'stage': 'Round of 16 7', 'date': '02/07/2024', 'time': '18:00', 'venue': 'Frankfurt'}, {'team1': 'AUSTRIA', 'team2': 'ROMANIA', 'stage': 'Round of 16 8', 'date': '02/07/2024', 'time': '21:00', 'venue': 'Hamburg'}, {'team1': 'Winner RO16 1', 'team2': 'Winner RO16 2', 'stage': 'Quarter-final 1', 'date': '05/07/2024', 'time': '18:00', 'venue': 'Munich'}, {'team1': 'Winner RO16 3', 'team2': 'Winner RO16 4', 'stage': 'Quarter-final 2', 'date': '05/07/2024', 'time': '21:00', 'venue': 'Berlin'}, {'team1': 'Winner RO16 5', 'team2': 'Winner RO16 6', 'stage': 'Quarter-final 3', 'date': '06/07/2024', 'time': '18:00', 'venue': 'Dortmund'}, {'team1': 'Winner RO16 7', 'team2': 'Winner RO16 8', 'stage': 'Quarter-final 4', 'date': '06/07/2024', 'time': '21:00', 'venue': 'Stuttgart'}, {'team1': 'Winner QF1', 'team2': 'Winner QF2', 'stage': 'Semi-final 1', 'date': '09/07/2024', 'time': '21:00', 'venue': 'Munich'}, {'team1': 'Winner QF3', 'team2': 'Winner QF4', 'stage': 'Semi-final 2', 'date': '10/07/2024', 'time': '21:00', 'venue': 'Berlin'}, {'team1': 'Winner SF1', 'team2': 'Winner SF2', 'stage': 'Final', 'date': '14/07/2024', 'time': '21:00', 'venue': 'Berlin'}]
2024-06-13 21:32:02,496 - Simulated Round of 16
2024-06-13 21:32:02,505 - Simulated Quarter-finals
2024-06-13 21:32:02,512 - Simulated Semi-finals
2024-06-13 21:32:02,519 - Simulated Final
2024-06-13 21:32:02,521 - All knockout stage results saved to data/results/knockout_stage_results.csv
2024-06-13 21:32:02,522 - Completed knockout_stage
2024-06-13 21:39:20,561 - Running Predictor
2024-06-13 21:39:20,622 - Completed perform_calculations
2024-06-13 21:39:20,781 - Simulated group stage matches
2024-06-13 21:39:20,781 - Completed simulate_group_stage
2024-06-13 21:39:20,801 - Standings:
   group         team  points  gp  w  d  l  gf  ga  gd    qualified
2      A      HUNGARY       7   3  2  1  0   3   1   2    qualified
0      A      GERMANY       4   3  1  1  1   2   2   0    qualified
1      A     SCOTLAND       3   3  1  0  2   2   3  -1   best-third
3      A  SWITZERLAND       3   3  1  0  2   2   3  -1  unqualified
7      B      ALBANIA       5   3  1  2  0   1   0   1    qualified
6      B        ITALY       4   3  1  1  1   1   1   0    qualified
5      B      CROATIA       4   3  1  1  1   1   2  -1   best-third
4      B        SPAIN       3   3  1  0  2   2   2   0  unqualified
12     C     SLOVENIA       7   3  2  1  0   3   1   2    qualified
14     C      ENGLAND       6   3  2  0  1   3   1   2    qualified
13     C      DENMARK       2   3  0  2  1   0   1  -1  unqualified
15     C       SERBIA       1   3  0  1  2   1   4  -3  unqualified
8      D  NETHERLANDS       7   3  2  1  0   3   0   3    qualified
10     D      AUSTRIA       5   3  1  2  0   3   0   3    qualified
11     D       FRANCE       4   3  1  1  1   2   2   0   best-third
9      D       POLAND       0   3  0  0  3   0   6  -6  unqualified
18     E     SLOVAKIA       7   3  2  1  0   2   0   2    qualified
16     E      ROMANIA       3   3  0  3  0   2   2   0    qualified
17     E      UKRAINE       2   3  0  2  1   1   2  -1  unqualified
19     E      BELGIUM       2   3  0  2  1   1   2  -1  unqualified
22     F     PORTUGAL       7   3  2  1  0   4   0   4    qualified
21     F      GEORGIA       4   3  1  1  1   3   5  -2    qualified
20     F       TURKEY       3   3  0  3  0   1   1   0   best-third
23     F      CZECHIA       1   3  0  1  2   1   3  -2  unqualified
2024-06-13 21:39:20,829 - Round of 16 Fixtures:
[{'team1': 'HUNGARY', 'team2': 'ENGLAND', 'stage': 'Round of 16 1', 'date': '29/06/2024', 'time': '18:00', 'venue': 'Munich'}, {'team1': 'GERMANY', 'team2': 'ITALY', 'stage': 'Round of 16 2', 'date': '29/06/2024', 'time': '21:00', 'venue': 'Berlin'}, {'team1': 'ALBANIA', 'team2': 'FRANCE', 'stage': 'Round of 16 3', 'date': '30/06/2024', 'time': '18:00', 'venue': 'Stuttgart'}, {'team1': 'SLOVENIA', 'team2': 'SCOTLAND', 'stage': 'Round of 16 4', 'date': '30/06/2024', 'time': '21:00', 'venue': 'Leipzig'}, {'team1': 'SLOVAKIA', 'team2': 'FRANCE', 'stage': 'Round of 16 5', 'date': '01/07/2024', 'time': '18:00', 'venue': 'Dortmund'}, {'team1': 'PORTUGAL', 'team2': 'AUSTRIA', 'stage': 'Round of 16 6', 'date': '01/07/2024', 'time': '21:00', 'venue': 'Cologne'}, {'team1': 'ENGLAND', 'team2': 'GEORGIA', 'stage': 'Round of 16 7', 'date': '02/07/2024', 'time': '18:00', 'venue': 'Frankfurt'}, {'team1': 'NETHERLANDS', 'team2': 'CROATIA', 'stage': 'Round of 16 8', 'date': '02/07/2024', 'time': '21:00', 'venue': 'Hamburg'}, {'team1': 'Winner RO16 1', 'team2': 'Winner RO16 2', 'stage': 'Quarter-final 1', 'date': '05/07/2024', 'time': '18:00', 'venue': 'Munich'}, {'team1': 'Winner RO16 3', 'team2': 'Winner RO16 4', 'stage': 'Quarter-final 2', 'date': '05/07/2024', 'time': '21:00', 'venue': 'Berlin'}, {'team1': 'Winner RO16 5', 'team2': 'Winner RO16 6', 'stage': 'Quarter-final 3', 'date': '06/07/2024', 'time': '18:00', 'venue': 'Dortmund'}, {'team1': 'Winner RO16 7', 'team2': 'Winner RO16 8', 'stage': 'Quarter-final 4', 'date': '06/07/2024', 'time': '21:00', 'venue': 'Stuttgart'}, {'team1': 'Winner QF1', 'team2': 'Winner QF2', 'stage': 'Semi-final 1', 'date': '09/07/2024', 'time': '21:00', 'venue': 'Munich'}, {'team1': 'Winner QF3', 'team2': 'Winner QF4', 'stage': 'Semi-final 2', 'date': '10/07/2024', 'time': '21:00', 'venue': 'Berlin'}, {'team1': 'Winner SF1', 'team2': 'Winner SF2', 'stage': 'Final', 'date': '14/07/2024', 'time': '21:00', 'venue': 'Berlin'}]
2024-06-13 21:39:20,944 - Simulated Round of 16
2024-06-13 21:39:20,948 - Simulated Quarter-finals
2024-06-13 21:39:20,951 - Simulated Semi-finals
2024-06-13 21:39:20,953 - Simulated Final
2024-06-13 21:39:20,955 - All knockout stage results saved to data/results/knockout_stage_results.csv
2024-06-13 21:39:20,957 - Completed knockout_stage
